epoch,acc,loss,val_acc,val_loss
0,0.8614343453478214,0.28687869055987575,0.9548244981982347,0.13699195916722756
1,0.9777702444700217,0.052011184179518756,0.9416504449208365,0.45027307166312114
2,0.988298751282761,0.028577668452148076,0.9552771585658143,0.3206587385969368
3,0.9912710688714592,0.021287677549962157,0.9597558017908876,0.3160638603155981
4,0.9928378349050225,0.01758385589501821,0.9605737896704563,0.322460906412946
5,0.9937780088291113,0.015332483375029014,0.9549434427242454,0.41046984650674095
6,0.9944492935258386,0.013739891016395047,0.9599071733140914,0.3548807205428686
7,0.9949478899893742,0.012579612694788526,0.9617256294828936,0.3324403753991489
8,0.9953609169578,0.011569408488969406,0.9628571786452603,0.325957334531333
9,0.9956554139915964,0.010858616141336541,0.9616131134326249,0.3475637082280095
10,0.9959025140383068,0.010243027761331368,0.9633383384209596,0.326193331318373
11,0.9961123928756179,0.00972048434310874,0.9645846326561925,0.3188405675708624
12,0.9963002652427556,0.009235753678407522,0.9635013570978763,0.33641080108046717
13,0.9964575248979243,0.008827037541716262,0.9626022199298618,0.3489877087877206
14,0.9966029233482309,0.00844497950235392,0.9638644285654336,0.3459857883484691
15,0.9967246063035359,0.008124905899897021,0.961591409232722,0.37212456488391654
16,0.9968303917936003,0.007851078231932823,0.9640792816499113,0.34966448662116995
17,0.9969293444890855,0.00759809321863442,0.9644829345768742,0.34110008413397214
18,0.9970304853957046,0.007338576684588746,0.9659892158448842,0.3278073685998987
19,0.9971204276500049,0.007101033469386261,0.9646880022934247,0.35137976699060175
20,0.9971916013559237,0.0069070410619416645,0.9659881693593273,0.3399302341695937
21,0.9972583989448309,0.006725805959131538,0.9693229639617778,0.2885622791207678
22,0.9973212280270253,0.006556772719322142,0.9663525863045229,0.3291613267142798
23,0.997389761808587,0.006378286029787643,0.9663154841584211,0.3339607452024359
24,0.997446841995585,0.006231148414205128,0.9706945629540331,0.2781109477643631
25,0.997502682244053,0.006084160294559619,0.968391657963916,0.3102228279250206
26,0.9975573739716694,0.005934632838890537,0.9684248052867582,0.31013416098582136
27,0.9975969394844376,0.005825712462396518,0.9711213061576484,0.2763373956691446
28,0.9976458689121169,0.005698672705335139,0.9720088914252422,0.2674533908403257
29,0.9976801714050931,0.005614714004680849,0.9733447879917821,0.2507067467296503
30,0.9977258322526129,0.0054895475662728776,0.9728205053372575,0.25655010978659554
31,0.9977645245327819,0.005386094511383939,0.9734008489672258,0.2500981680436698
32,0.9978025576315009,0.005288161188169096,0.9731443546259491,0.26233782159196484
33,0.9978323516190596,0.005213942711285714,0.9753141129131015,0.2350989742238971
34,0.9978600388989632,0.005134947401596069,0.974213482329692,0.24963683345500465
35,0.9978890275004924,0.005058347184913603,0.9789464182403512,0.18936575720913293
36,0.9979198713712453,0.004985476830118591,0.9741795330848175,0.24446352021953252
37,0.9979519314634272,0.004899262592376466,0.9752886849558187,0.23571038139315018
38,0.9979684575446542,0.00485514518899204,0.9747359166429876,0.24337440768957297
39,0.9979987067359775,0.004775061264826577,0.9752409007044418,0.23424994289556503
40,0.9980252762064852,0.004705718970533848,0.975759869281711,0.2362127395521371
41,0.998050384746047,0.004648232706777869,0.9773048293189731,0.21524537199922777
42,0.9980743075632831,0.004583138399646499,0.9788668456015993,0.19576209563238534
43,0.9980916625883764,0.004539239384043996,0.9777599904405012,0.2105616651652943
44,0.9981110802182003,0.004490543602511827,0.9758622197870209,0.23319103138612973
45,0.9981364944787579,0.004425245716374021,0.978637871976367,0.20275317066112888
46,0.9981482094657684,0.004397083437383387,0.9801643081747644,0.18096422417488747
47,0.9981655035324708,0.004347988087775161,0.9789491635180082,0.19529157928397464
48,0.9981819854709572,0.004308299072892672,0.9798767864637772,0.18561473214408652
49,0.9981981411566317,0.004265251100470609,0.9796803079079318,0.18786678526096795
50,0.9982182145039081,0.004220422326836613,0.9810078055018228,0.1724673454635023
51,0.9982304425606933,0.004182275257025025,0.9814275088275204,0.16872155693227162
52,0.9982476583755618,0.004139184078109991,0.9828312495879727,0.15265682515024848
53,0.9982627676685837,0.004108586939923968,0.9822042767440415,0.16076604225300542
54,0.9982798136015879,0.004062219456533326,0.9827578198243504,0.15186748744314774
55,0.9982950452891842,0.004018829874793887,0.9835720974707279,0.1443049216295
56,0.9983048847936835,0.004001486617109573,0.9835172461337911,0.14650315034448555
57,0.9983170789404558,0.003967364870390889,0.9802408364774177,0.18360738373465008
58,0.9983353786016196,0.003924419382594126,0.984066113998831,0.1411179660086814
59,0.9983445079999256,0.0039030346014493162,0.9826691550551265,0.15476233019605296
60,0.9983573069924954,0.0038693821678973737,0.9838434192603958,0.14325569139553374
61,0.99836740814161,0.0038475054374287757,0.9857717551120112,0.11906705445673652
62,0.9983777879102542,0.0038194242370049665,0.9829709739176474,0.15257558560044907
63,0.9983919865435785,0.003783829608611535,0.9852109139068067,0.12554058883164143
64,0.9984041536154288,0.003751334161594082,0.9856348031083716,0.12030626752811348
65,0.9984138606651619,0.0037295880137590814,0.9856569285489382,0.11983529958675736
66,0.998421838251155,0.00370497146484064,0.9856524028562539,0.12035004419580092
67,0.9984332305555274,0.0036840307850521735,0.9877574838527033,0.09803059590560269
68,0.9984374062252108,0.003672627627899764,0.9862915119942194,0.11350727467182829
69,0.9984553083229957,0.0036276098246082905,0.9854581531106537,0.12477765708458341
70,0.9984615431068682,0.0036126704177539444,0.9868916163224735,0.10802609496941759
71,0.9984741108875661,0.0035802636553117174,0.9861344868556557,0.1167766451014426
72,0.9984769648763444,0.0035762700082809296,0.9848931396201309,0.13187755345535077
73,0.9984814021773711,0.003563299478421353,0.9886990778299144,0.08669582507182165
74,0.9984962974856039,0.003527784545712407,0.9880655136227315,0.09607022051767686
75,0.9985086954640694,0.0034988588144191056,0.9865155930350283,0.11334074632269028
76,0.9985172031611118,0.003473805634892168,0.9878857242347031,0.1000734295922474
77,0.9985218273056453,0.0034619992362172327,0.9879513122381917,0.09947755851184996
78,0.9985321560699142,0.0034431616696474136,0.9882461455982635,0.09447487116447273
79,0.9985387407838834,0.0034245322774693393,0.9874314737728724,0.10472533212067608
80,0.9985446390954882,0.003406698569110851,0.9888816532805194,0.08883463782122501
81,0.9985545227958162,0.0033879866172913963,0.9888875923239556,0.08723556569525882
82,0.9985611923312695,0.003371652336619036,0.9883480067508997,0.09397692235480755
83,0.9985687283173194,0.0033526453418183124,0.9887546632157698,0.09037280686330726
84,0.9985729856099299,0.0033395060679108648,0.9893649875175393,0.08379389822401771
85,0.9985840992682284,0.0033171222394548375,0.9884170603444226,0.09437676756475821
86,0.9985939115916295,0.003298084245413207,0.9886298203648822,0.09147358907208733
87,0.9985937587377676,0.0032920243141397526,0.9889223705525123,0.08945748539514171
88,0.9986037919739523,0.0032694345799261677,0.9897722012347406,0.07879936166001478
89,0.9986086845583757,0.0032608850047853325,0.9890963975609716,0.0869673549381556
90,0.9986176678051902,0.0032404965043575586,0.9892576901983297,0.08590140268314432
91,0.9986246295639943,0.0032217351108394603,0.9898490285029312,0.07679809126243961
92,0.9986302697480693,0.0032073016190518585,0.9892734145035167,0.08366165257097817
93,0.9986269943328191,0.0032118151820424642,0.9866643687102556,0.12030777439953681
94,0.9986415159009502,0.0031824085094777905,0.9888703595607166,0.09147845340452622
95,0.9986501424356654,0.0031644266479375124,0.9893366784434678,0.08394917643742449
96,0.9986531935272225,0.0031534699501543973,0.9909941003147942,0.06663005402760858
97,0.9986583069447976,0.0031415983345326384,0.9892467497929888,0.08588234765902643
98,0.9986639403468701,0.0031233386428368513,0.990474900499109,0.07346046769685016
99,0.9986709530038734,0.003109813152091377,0.9902136766334547,0.0751415846126531
100,0.9986736337927821,0.0031042477541419204,0.9896396117442914,0.08318112658320584
101,0.9986811323650057,0.0030881110349107238,0.9911541289647208,0.06512662338350483
102,0.9986815298354803,0.0030903983168055946,0.9900800407636248,0.07775615637595644
103,0.9986851109717264,0.0030772631757846423,0.9896005933573028,0.08435896388104712
104,0.9986944136893502,0.0030572282965269093,0.9900873524259814,0.07832272328764857
105,0.9986995033234644,0.003041980308141502,0.9894410539406017,0.08541710055249686
106,0.9987012021553806,0.0030392859726990785,0.9899443526146965,0.0805590943338159
107,0.9987117926306248,0.0030156791133860443,0.9899178375196573,0.0798437365898342
108,0.9987134303448859,0.0030137042712919584,0.9893697578533803,0.08595306554527597
109,0.9987172831726668,0.003000709192237983,0.9898658943744312,0.08048726280102271
110,0.9987256108214769,0.0029795003523608405,0.9896613294683834,0.08310503128727728
111,0.9987305816179181,0.0029717033498874255,0.9895178948789736,0.0849928671095551
112,0.9987350527891415,0.0029593773252670607,0.9910351165125084,0.06637080850262561
113,0.998734210161822,0.0029628563590287215,0.990576299599618,0.07277992763084762
114,0.9987429557067465,0.0029404779105625368,0.9903356381817454,0.07487001153137564
115,0.9987456093145569,0.0029359331628856416,0.9913002546288553,0.06441747346584793
116,0.9987499854979285,0.002923883297960717,0.9911175432594866,0.06742120234897529
117,0.9987325420546336,0.0029739483750164607,0.9918810602976786,0.05763661984434719
118,0.9987506955775777,0.0029262593377898344,0.9912941931908446,0.06464043977719934
119,0.998766494537881,0.002890555564031267,0.9911257518848156,0.06685516077123435
120,0.9987658592460682,0.002888099325580663,0.9915777328443857,0.06264709369960672
121,0.9987731335476867,0.002875330156952133,0.9919715598308544,0.057232466463909545
122,0.998773113188407,0.002867922783211086,0.9914454831840254,0.06387258180819635
123,0.9987662430994496,0.0028863246049761,0.9913258320689069,0.06509642927770332
124,0.9987849471723548,0.0028482749102692333,0.9915218621233581,0.06316380361910055
125,0.9987879607837254,0.0028388979013692366,0.9911671487904423,0.06658748597731186
126,0.9987894898399535,0.0028343324445186386,0.990413851831942,0.0765104443676798
127,0.9987904921031375,0.0028298400656430684,0.9913379275780216,0.0646618211360292
128,0.9988002875179842,0.0028125268785729658,0.9914760482759843,0.06333474508556988
129,0.9987993055609917,0.002813092065809999,0.9906710936799662,0.07192000645403407
130,0.9988068551774069,0.0027977742797124197,0.9915981050642952,0.0629714080183351
131,0.9988062164083246,0.002791434172401962,0.9924332306794349,0.05341780068905681
132,0.9988121723868592,0.002782084034314946,0.9915573742415692,0.06219261021137012
133,0.9988146051880619,0.0027761747353952657,0.9915142377589228,0.06225395843509416
134,0.9988219848562524,0.002758694005084098,0.9923248324593837,0.05430569543902008
135,0.9988237753978314,0.002757972249063613,0.9927084393130727,0.05125111808402717
136,0.9988309104494092,0.0027419364725185034,0.9922396334129143,0.05515368778712299
137,0.9988245703918688,0.0027522957425268396,0.9932800850446706,0.04555628236787167
138,0.9988345629094942,0.0027288067530143027,0.9922511446080476,0.05562800859965664
139,0.9988347939355579,0.002729329111025922,0.9923591486490854,0.054778410364220265
140,0.9988452348616733,0.0027090239714859317,0.9925265027244541,0.0534895476330411
141,0.9988456051908657,0.002707372417928955,0.9921020697549308,0.05763459739245622
142,0.9988436379190596,0.0027089795330798565,0.9922817911769414,0.05587538945826861
143,0.9988517719158163,0.0026907072160633557,0.9930198939811199,0.04844508186895985
144,0.9988572726773143,0.002682021483936559,0.9924375932191692,0.05376711298042398
145,0.9988591311185511,0.0026771859265863895,0.9931290668624728,0.04733127868290309
146,0.9988644857683736,0.002662358948781728,0.9925908946268969,0.05283571275557051
147,0.9988689231490324,0.0026566104025463238,0.9928034780896657,0.050136729603311024
148,0.9988516937303427,0.002693796534668982,0.9932398162077116,0.04571966925688607
149,0.9988683795005222,0.0026521084387833346,0.9933834954800942,0.04448544502650655
150,0.9988759562980356,0.0026366159752151484,0.9924392377419771,0.05548832124645362
151,0.9988759052671162,0.0026356138003211568,0.9920108363851888,0.05972302403961283
152,0.9988793572400573,0.0026266817950675327,0.9925606556417575,0.05366147997177535
153,0.9988847187249704,0.002620526830941784,0.9930510843047,0.04951214721267518
154,0.9988707952604504,0.002650891298837122,0.9932751923673431,0.04650354335896224
155,0.9988886498576733,0.002606943233060584,0.9934654873162275,0.04511899107569869
156,0.9988921630013575,0.0025986753142536504,0.9933015580327016,0.04658079201028338
157,0.9988952208881892,0.0025940292224638866,0.9937268607840987,0.04196573211847773
158,0.9988946228243943,0.002593022879014844,0.9937951804746952,0.0415747520221226
159,0.9989020773335093,0.0025749446201963344,0.9940372009342111,0.03944411271848357
160,0.99890176804234,0.0025729026119829224,0.9940198321593045,0.03892722060504502
161,0.9989086652725796,0.0025603239519089837,0.9940153745520861,0.03950770052954093
162,0.9989108772273585,0.0025591867849599063,0.9937203509243261,0.04220629417702665
163,0.9989129803648401,0.0025513370571032985,0.9940787064978711,0.038812358956141144
164,0.9989117061446807,0.0025526722008663108,0.994126844222974,0.03722806754964772
165,0.998917291873655,0.002540083824169779,0.9942318175715504,0.03741946426993541
166,0.9988947519346113,0.002599067690916421,0.9937947727316765,0.04160596814547402
167,0.9989231664814309,0.0025308758409851857,0.993922374304778,0.04008616989864602
168,0.998926795131511,0.0025187571938132002,0.9943871983863867,0.03566149120789126
169,0.9989269684110126,0.002517457935364763,0.9939727002410149,0.03943911048809103
170,0.9989302878097394,0.0025169691942927503,0.9943342630779841,0.036146008584791875
171,0.9989343242957421,0.002505771907384874,0.9946223555787638,0.03442205888542891
172,0.9989337432068617,0.0025032958783295593,0.994511782870848,0.03441380476900502
173,0.9989378238223332,0.0024962614666180325,0.9939763152209138,0.04021699363612546
174,0.9989434062067583,0.0024823973695053884,0.993800195374061,0.04148661892465456
175,0.9989471570921485,0.0024747588107475616,0.9945333103537958,0.03434010226971301
176,0.9989466746541976,0.00247362997473917,0.9946599878491869,0.03353697856511996
177,0.9989501096654962,0.0024655353547716973,0.99424775936534,0.037405955090503325
178,0.9989525151794245,0.002462149917269783,0.9944987767153077,0.03514830884798462
179,0.998954618316906,0.0024567776123935654,0.994897591446588,0.031475371616452676
180,0.9989542073089703,0.002457092800176597,0.9946205615997314,0.03406856985204046
181,0.9989622052940593,0.0024416543025626283,0.9946971443840296,0.03332207905428463
182,0.9989639244852553,0.0024377849566113792,0.9943575980906973,0.03602510831144393
183,0.9989652665785282,0.002432672976924924,0.9941743566899118,0.038254691440918163
184,0.9989686811774591,0.0024262508597769103,0.9945993468719504,0.033345049617517976
185,0.9989725986001646,0.002415738455898126,0.9943912211358481,0.036041443543709806
186,0.9989723404460907,0.0024149084887901775,0.994458779782236,0.03515683883953316
187,0.9989796861777245,0.002399349862902915,0.9944294242358797,0.035666347568408
188,0.9989779398054303,0.002402905707965696,0.9946633447148279,0.0335876377462425
189,0.9989834676683944,0.0023935353069248285,0.9948176246155506,0.03185535290456215
190,0.9989848470958616,0.0023896741589866837,0.994662298162911,0.03381869093432236
191,0.9989897805713805,0.002380095346213014,0.9949454708981689,0.030637296897769173
192,0.9989890601660992,0.0023765340483198087,0.9950229505790791,0.03163927642098084
193,0.9989884554928381,0.002378126079041575,0.9951898561132376,0.02880770149278869
194,0.9989953729894532,0.0023648625248439644,0.9947901989139021,0.03310012302324723
195,0.9989956313027913,0.002363607940431813,0.9945520517078069,0.03486645724139137
196,0.9990032011988539,0.0023472058870673074,0.9949714968794307,0.03072995490155429
197,0.9990013019063376,0.0023500196508394666,0.9949046857397903,0.03182379311737419
198,0.999006418681734,0.0023414073167715085,0.9945642423507658,0.034875405512076595
199,0.9990065546137695,0.0023395636204387093,0.994106363172495,0.040712840826089065
200,0.9990085456292206,0.0023373441072440087,0.9941671944705077,0.03926566986570749
201,0.9990115253703946,0.002329254383822657,0.9951574835180572,0.029199371263476066
202,0.999014097448182,0.0023205472859718856,0.9952938782693654,0.02820263388420473
203,0.9990156467840576,0.0023177498093020464,0.9951465838710918,0.029751131795902504
204,0.9990181099383716,0.0023140368256402708,0.9951206123316588,0.030063544135632798
205,0.9990221464111024,0.0023049747249813705,0.9948888934818575,0.03160618500382976
206,0.999023236999584,0.002302132099126537,0.9953493005288149,0.0277693547473101
207,0.9990265632599453,0.002293654348843498,0.9948208184211458,0.032138268571148744
208,0.9990295702618497,0.0022874579277466895,0.9950663453087035,0.030143243290751052
209,0.9990300526599846,0.0022865687864532924,0.9949589526698415,0.031342304193281406
210,0.9990314253319932,0.0022820304039027108,0.9949410811242482,0.031585198240837845
211,0.9990354582876385,0.002274446371219848,0.9951305198287199,0.029717528898093912
212,0.9990394063952558,0.0022660774558092432,0.9950262802768938,0.030618850430430136
213,0.9990405038851881,0.0022630925951088007,0.9951350999101449,0.029779692285801396
214,0.9990435617056596,0.002256730625617845,0.9953784113921983,0.027126159364255147
215,0.9990455323618309,0.0022486674054367152,0.9955101038931314,0.02640345635201987
216,0.9990459876850436,0.0022501689186446207,0.9950417599920122,0.03031779939557198
217,0.9990503264280449,0.0022413341679069685,0.995609885678475,0.02522527839966903
218,0.9990480160214168,0.002244842730825873,0.9954284111287115,0.027040024050346556
219,0.9990519504455808,0.0022383818591183184,0.995838927190093,0.023151071791117587
220,0.9990546855966861,0.0022316454575141797,0.995342505227694,0.028403091455715002
221,0.9990565066373686,0.0022229059949596883,0.9954910635072228,0.026890340157058917
222,0.9990593844361518,0.0022204456675343136,0.9952719158755727,0.028944029674129745
223,0.9990597072780544,0.0022155373944419614,0.9953862804396066,0.02755656286777957
224,0.9990672976528449,0.0022036241225614575,0.9955964718728203,0.025793881620693328
225,0.9990667200146898,0.002204716141880856,0.9955576164131572,0.02622822918573511
226,0.9990684562073442,0.002200258674381657,0.9954668180338924,0.026931409890993855
227,0.9990711437384394,0.0021928420782970992,0.9956222802991194,0.025491987133783957
228,0.9990713373506768,0.0021903441730634528,0.9954756110395628,0.0269971938788861
229,0.9990742696045608,0.0021872714410101127,0.995556352531902,0.026512396511912305
230,0.9990785370369951,0.0021759399239959305,0.9954090037714317,0.02750218554002369
231,0.9990789854985732,0.0021757405091896637,0.995433222143296,0.027896489709967415
232,0.9990806332862979,0.0021743580209146467,0.995535341450006,0.02639750895457248
233,0.9990813264441208,0.0021684383537472654,0.9959864254996921,0.022574144618163074
234,0.9990852235606348,0.0021640513299343695,0.995625338119591,0.026016922969768413
235,0.9990889372180072,0.0021552460748110024,0.9959053171023418,0.023214868458157536
236,0.9990930414576754,0.0021443877076662526,0.9959586599414106,0.02293269368563784
237,0.9990942815820137,0.002144328432540865,0.995961174139916,0.02275182537668563
238,0.999093459406878,0.002144097732056527,0.9953160173004811,0.028670728260966855
239,0.9990962522912732,0.002139186174087218,0.9958229310739228,0.023919357400075635
240,0.9990958310107935,0.0021336430557129396,0.9957569082657656,0.024539715890815984
241,0.9991018073884237,0.002123421499923708,0.9958670732306627,0.02370303348445051
242,0.999103071336039,0.0021233919476441156,0.9959549361176704,0.02280433293657207
243,0.9991017836845948,0.0021217736882470552,0.9960469169808878,0.02216601682371895
244,0.9991058879109911,0.0021145166227839966,0.995755100696184,0.02472636465105991
245,0.9991078687866184,0.0021083441643204863,0.9955791031510016,0.02639113224385855
246,0.9991050453633037,0.002115114299668382,0.9958916993720897,0.023811576955880622
247,0.9991137568787672,0.0020980278936371726,0.9958348771533571,0.024172040520630322
248,0.9991134850810562,0.0020984677737132893,0.9957934804468106,0.02441920367579893
249,0.9991158838262539,0.0020941499597553694,0.9961146250702283,0.021651517771631545
250,0.9991191557244187,0.002085396359854842,0.995830188413899,0.024089280262289174
251,0.999121102583857,0.002082784273664784,0.995917004894982,0.02345562288666194
252,0.9991216870040146,0.002083484775632905,0.9952757347933409,0.02919048861567486
253,0.9991242726059911,0.0020731693725560985,0.9960064714269737,0.0229734379614232
254,0.9991236984318335,0.0020784577386413518,0.9961211485338222,0.021648710656312235
255,0.9991286080044433,0.0020661570401988762,0.995752097158277,0.025312606729708066
256,0.9991297869713103,0.002059940738185404,0.9960342505094443,0.022225421731323136
257,0.9991311561395054,0.0020549894423346174,0.9960568109272159,0.022163241138203563
258,0.9991339728471776,0.0020544990504513475,0.9958605361765197,0.024171403580805793
259,0.9991292330635282,0.0020619816926729572,0.9961454348849762,0.021899871877679757
260,0.9991339285982608,0.0020543081661326713,0.9958942951404339,0.023808703295375544
261,0.9991360182646414,0.0020471073374354583,0.9959904346586044,0.02264654618496935
262,0.9991404758585877,0.0020387519667959047,0.9959004380553795,0.023788298649327265
263,0.9991420557997429,0.0020333028979001404,0.9960784606189299,0.022407669100791807
264,0.999143316362993,0.002025131100510415,0.9960204153834937,0.022714740437551076
265,0.9991433707650057,0.0020286223682496334,0.9962876055798587,0.020265011475310544
266,0.9991456607061779,0.0020236705099710493,0.9961567014236807,0.021498033583398135
267,0.9991508998363328,0.002014749802421323,0.9961688513746243,0.021320141636024297
268,0.9991488510345038,0.0020159855882863863,0.9961638636829009,0.02130235703937847
269,0.9991541751586789,0.002009234899688994,0.9963764606433148,0.019457363753625802
270,0.9991552318636916,0.0020021635903084106,0.9962422946889797,0.021110291445436608
271,0.9991555410752289,0.002004134567082011,0.9960762725007001,0.022695135440597772
272,0.9991584731300327,0.00199685538913644,0.9962190956481181,0.02104992430710651
273,0.9991572465829716,0.0019933308118137657,0.9960751037400168,0.022785181110897758
274,0.99916231595071,0.0019849824992451666,0.9961579110090995,0.021937272139909744
275,0.999166179064307,0.0019791328663015134,0.9960331768958772,0.023035114273126978
276,0.9991640555410017,0.001983130249172819,0.996375522842335,0.01963323300948648
277,0.9991668348215758,0.001976652373751595,0.9962327270087354,0.02120389505425326
278,0.9991655980948748,0.0019793337933145558,0.9959561457163612,0.023753363679139723
279,0.999170290112522,0.001968697026973137,0.9963392225651772,0.019983195214700496
280,0.9991712652476957,0.001967630748711883,0.9962312184445073,0.02107768935928848
281,0.9991730456361789,0.001960464567168958,0.9962418462274016,0.021227863358229605
282,0.9991737659883723,0.001957845700402049,0.9963392088684518,0.020109363482981767
283,0.9991755224739463,0.001957875038773996,0.9964044027061989,0.019635238013439922
284,0.9991788929566804,0.0019502843017506356,0.996433717653444,0.019111976987947515
285,0.9991803777772635,0.0019431307690655239,0.996300435137892,0.020652082271125742
286,0.9991819406638722,0.0019413131011612225,0.9964731438232673,0.019143259310478975
287,0.9991806903864381,0.0019440841323448677,0.9961832573832714,0.021601872475731945
288,0.9991854504497353,0.0019374053462154863,0.9964974028606028,0.018775805316664704
289,0.9991856373330581,0.0019317204766207735,0.9963313263366707,0.020252091987724194
290,0.9991920826775383,0.001925086727304883,0.9962678449744771,0.02111523989169124
291,0.9991927961282808,0.0019213029412493406,0.9964688627737398,0.0192474811171988
292,0.9991930985047275,0.0019176741555199173,0.9962593508016238,0.021095480919182896
293,0.99919523567167,0.001916069514797289,0.9964200046698996,0.01956888724058747
294,0.9991951438292871,0.001910763659817877,0.9964955817137442,0.01890634024149523
295,0.9991947191909861,0.0019159366735612858,0.9964161314562948,0.01993367669811923
296,0.9991980794675365,0.0019076987182851312,0.9963431094489632,0.020482367180010785
297,0.9991947055738929,0.0019145442323854176,0.9965175848924565,0.018793893761499852
298,0.9992008519661079,0.0018989389698618147,0.9961833116525639,0.021945769215913864
299,0.9992037908560023,0.0018963552127998515,0.9962875240896518,0.021068285131029433
300,0.999203586984493,0.0018923206617124586,0.9964227228593625,0.01969318917347564
301,0.9992074228904476,0.001885328629740334,0.9960835977934219,0.023322787368514574
302,0.9992069981857865,0.00188650331788422,0.9963838538224223,0.020120617921336195
303,0.9992097673265368,0.0018792913147936607,0.9964408661495787,0.019695683984876845
304,0.9992078850885671,0.0018827261449499552,0.996368360622931,0.020187314993661852
305,0.999205717395977,0.001888478985098793,0.9960678191923984,0.023359248169725403
306,0.9992170925661705,0.0018633734351115277,0.9964289744721572,0.020109480057567842
307,0.9992106167624029,0.0018763434891225042,0.9963163903364225,0.021040251217674662
308,0.9992169022984825,0.0018643086604378742,0.9961902836042797,0.022225791688795293
309,0.9992177925989002,0.0018611059343598682,0.9963256047420209,0.021123319774272183
310,0.999219746213797,0.0018576956737725977,0.9959985753842755,0.024061472723362134
311,0.9992215843090261,0.0018525582684977078,0.9963996189656169,0.020288964185284742
312,0.9992231642501812,0.001847565111371748,0.9963822502039823,0.020621696404015313
313,0.9992238403534576,0.0018464479009535615,0.9965464920303228,0.018859108768327217
314,0.9992260113640528,0.00184213104097397,0.9964095671812375,0.020225938694500574
315,0.9992263682088722,0.0018397632284756428,0.9965479462190822,0.01908671549861275
316,0.9992300818131565,0.0018336415176050279,0.9963586706012003,0.02094589230801269
317,0.999227356868235,0.0018376502604705936,0.996404226121964,0.020419710660006987
318,0.9992324601592585,0.001827798189519235,0.9964599201658525,0.020049111576689906
319,0.9992342541515629,0.0018249180477317418,0.9964161994090406,0.020575462219304716
320,0.9992320252484135,0.0018298002382965588,0.9964110078458079,0.020404386975533102
321,0.999237318780581,0.001817199400520569,0.9965596884535511,0.01908833061850295
322,0.9992389734432124,0.00181274650730624,0.9965488431024222,0.01899046699537835
323,0.9992390346006836,0.0018110998770986453,0.9963962212619684,0.020548866130826376
324,0.9992396087615694,0.0018126116619173514,0.9964532880442255,0.020066809473757097
325,0.9992457686912454,0.0018006195059156887,0.996632017316332,0.018445978694238918
326,0.9992437844445249,0.0018023115195905483,0.9966111286024664,0.01853804044575627
327,0.99924395098184,0.0018020243655813082,0.9964315431124913,0.020262393203114605
328,0.9992452555949267,0.0017975160462053484,0.9964807409137003,0.019873258475885308
329,0.9992438966594595,0.0018013709356340174,0.9966437051886042,0.01835803085043479
330,0.9992504676103433,0.0017884802964694948,0.9966746372652064,0.01820201150562006
331,0.9992500224800425,0.0017878092435339769,0.9965227220404045,0.019595843146610496
332,0.9992477053444998,0.0017903038804806923,0.9962983421800503,0.02196696003684552
333,0.9992531822959927,0.0017808906134052906,0.9963809997805559,0.021217191415382464
334,0.9992550034693954,0.0017780930557813096,0.9965354564513217,0.0195256987518391
335,0.999257650228843,0.0017717040508991326,0.9965759426839791,0.01887532238015066
336,0.9992604974621628,0.0017668160933821207,0.9965268265056971,0.019559371955584933
337,0.9992211154085362,0.0018645205148602531,0.9962556270973317,0.021947893389962916
338,0.9992406450674863,0.0018062708894505456,0.9963460177335779,0.021145075517726274
339,0.999256671696032,0.001773246690599599,0.9963689178619903,0.021097485971662163
340,0.9992622030893537,0.0017604434053087783,0.9964665522874795,0.0199367622213417
341,0.9992636301235589,0.0017593082104212549,0.9964215812001455,0.020535832771791288
342,0.9992639460507386,0.001753904763759518,0.9965170412174021,0.01958988691476698
343,0.9992683188232009,0.0017474533815726562,0.9965636296995337,0.019165219257553975
344,0.9992665961547356,0.0017487105633607256,0.9965570926453907,0.019212283295679002
345,0.9992676324208365,0.0017478785728399092,0.9965960294758124,0.01902202246853747
346,0.9992696132964638,0.0017418698824274777,0.996497769818702,0.019935051061999384
347,0.9992718557105301,0.0017359087723127931,0.9965020100434939,0.019899750880538702
348,0.9992687163334917,0.0017458325610903596,0.996548380997207,0.019284343420364256
349,0.9992699870232935,0.0017384712571770523,0.9964322498077752,0.020511525482987805
350,0.9992739758361981,0.0017319584219054754,0.996519419523688,0.020072190777218852
351,0.9992752193847177,0.001728762417768948,0.9965617269695641,0.019425787085360753
352,0.9992763372870177,0.0017304330989258063,0.9967225847491653,0.018071237710339604
353,0.9992780938654959,0.0017234499724276995,0.9966181820974772,0.018982084430575842
354,0.9992795242707944,0.001722146985604256,0.9966270295184324,0.019068720621108492
355,0.9992789024368104,0.0017212685105309762,0.9965292455836304,0.01963058825297332
356,0.9992829082777176,0.0017127763513179938,0.9965295038040644,0.019793096186970182
357,0.9992851099732245,0.0017086266847891412,0.9966885132026205,0.01843922095366222
358,0.9992868868711663,0.0017034389750305767,0.9967022668516362,0.0182957478572472
359,0.9992837202997575,0.0017103668517916084,0.9966296117493156,0.01899075481013721
360,0.9992867816107704,0.0017060841335148778,0.9966752760608327,0.018416354298841295
361,0.9992883003280943,0.0017001307880507163,0.9967753703624468,0.01741839563693877
362,0.9992894928456946,0.001698745639539137,0.9966454719865383,0.01878166870968684
363,0.9992903899148429,0.0016937441867522181,0.9965093353494879,0.020347929706884517
364,0.9992931963765151,0.0016906016414335561,0.996740225281967,0.01789949728834207
365,0.9992926085321762,0.0016920496311484175,0.9967934322819044,0.017418442965275498
366,0.9992924352128584,0.0016910312884966042,0.9966671895911821,0.01860544102942889
367,0.9992932064632508,0.0016865571402708008,0.9967246912842842,0.018018623739953787
368,0.9992977592706733,0.0016786084139495225,0.9966206964154308,0.019168500919882113
369,0.9992985442045191,0.0016758912696841746,0.9966204109608106,0.018916779475635408
370,0.9992968147540512,0.0016803742948958106,0.9966819762148376,0.018627582078928593
371,0.999300073167843,0.0016715253342048373,0.9966137651557302,0.019497030014302842
372,0.999303018919372,0.0016683217342731431,0.9965810798717432,0.01960619122280997
373,0.9993021933067829,0.001668975900662049,0.9965489654969968,0.01997675154290959
374,0.9993064028864792,0.001662705299856966,0.9966532049293747,0.018922458036380284
375,0.9993047585229358,0.0016646336372572604,0.9965042797315627,0.020553331759840622
376,0.9993089748713626,0.0016572614648810518,0.9967435141285022,0.01817641010428309
377,0.9993106941687346,0.0016512913649942807,0.9967008125832446,0.01857713097488693
378,0.9993083225382752,0.001653395460316535,0.9966475377234657,0.01895640951945658
379,0.9993087167305608,0.0016546170014929108,0.9966515876672974,0.01906122887402149
380,0.999314679584002,0.00163983905364319,0.9966821256179742,0.018795644103994657
381,0.9993150703521062,0.0016395352980987969,0.9967743783054467,0.01789899044708529
382,0.9993150430781038,0.0016402737347162768,0.9967640495146337,0.018070008996724785
383,0.9993140985747537,0.0016372234099813136,0.9966612505477459,0.01905082374036833
384,0.9993181247483964,0.0016336547366810656,0.9968828580422487,0.016726329905982374
385,0.9993157091079165,0.0016447075379952669,0.9966601905247279,0.018873458260148135
386,0.999318331977727,0.0016300898773240664,0.9966701795518119,0.018931025812127387
387,0.9993213389398153,0.0016247850023226639,0.9965733468625466,0.01977344456478618
388,0.9993212335599714,0.0016250723475060298,0.9966668226198109,0.01893689267339811
389,0.9993261534183971,0.0016172529155769216,0.9967889745021498,0.017951187933582594
390,0.9993258442466759,0.0016149114103750576,0.9966873716097636,0.018950627899501225
391,0.9993279948847195,0.00161222499674773,0.9967650007999864,0.018268225904416433
392,0.9993275497676907,0.0016111099009875533,0.9967758869094908,0.018258891197282717
393,0.9993302170191383,0.001607138147450937,0.9968078789958389,0.017698107131445158
394,0.9993304785973934,0.0016035363526825726,0.9968678677196201,0.01721750042510956
395,0.9993326327525224,0.0015983225167698891,0.9967110056012862,0.01869777806152585
396,0.9993318239821275,0.001600161307976413,0.9967706952400819,0.01815305587202493
397,0.9993353983761871,0.0015953509272606033,0.9967242835545376,0.018662474102205222
398,0.9993342736918845,0.0015942094595547069,0.9967403339134561,0.018629937233729733
399,0.9993338523715887,0.0015953464648806419,0.9968654756767928,0.017276606383247985
400,0.9993385411508628,0.0015887769266894156,0.9968546305380163,0.017469104317617667
401,0.9993363292889881,0.0015889437058820251,0.9968169711130389,0.01785051836919407
402,0.9993418335012114,0.0015814747932288017,0.9967533129011701,0.01829730882864106
403,0.9993353712481768,0.0015930341711111052,0.9968111679352781,0.017736697892165483
404,0.9993427440945488,0.0015760003641196736,0.9967186842482861,0.018520341270842344
405,0.9993429444755166,0.001577854417294531,0.9968152586242134,0.01774143983251837
406,0.9993452345095931,0.001573275560369013,0.9966253442903373,0.019447762089646877
407,0.9993464440950119,0.0015702500915624727,0.9968221491122665,0.017755091238034457
408,0.9993466988381764,0.001570181832756649,0.9967629486270642,0.018332205935516353
409,0.99934997769088,0.0015625610290332863,0.9970178257593517,0.015961127564003284
410,0.9993480103925299,0.0015637687658047064,0.9968695664984483,0.017281843599017466
411,0.999346280981878,0.0015674142071423981,0.9967925623805824,0.018245814269314434
412,0.9993483365391655,0.0015625050849517868,0.9967824781931103,0.01825356841855874
413,0.9993527399301795,0.001552409174604467,0.9967056645154687,0.019071001098500583
414,0.99935113283447,0.0015567021124148702,0.9966900081099394,0.0190254892283759
415,0.9993536436618821,0.0015512867223602465,0.9968279114122036,0.01785795366508914
416,0.9993580571927199,0.0015422949795601871,0.996957782806094,0.016635735080320495
417,0.9993584173953605,0.0015391002377172494,0.9968519394898356,0.017948251961147903
418,0.9993615466325751,0.0015362219264058086,0.9969890274255108,0.016325992097934214
419,0.9993586042388674,0.0015401790195439808,0.9968435406100906,0.01774694333883615
420,0.9993596642353412,0.0015386021260283696,0.9968069819665066,0.01820866548574663
421,0.9993606054472303,0.0015352008702478966,0.9969837814337212,0.016537186102284253
422,0.9993623722451642,0.0015304391415455019,0.9967355364496048,0.018842658900641913
423,0.9993624945733787,0.0015307362501405179,0.9969743496058805,0.016278405327277735
424,0.9993641424407356,0.0015279194135585912,0.9968220404011453,0.01820133403045225
425,0.9993682161813005,0.00151873830823774,0.9969464618122889,0.016861987297521273
426,0.9993659057879443,0.0015256141444985043,0.9967636961470837,0.018681469304037933
427,0.9993689636482319,0.0015187145562459258,0.9969874237008945,0.01644478373503654
428,0.9993692761645023,0.0015139979235108331,0.9969077966999461,0.017412286800394788
429,0.9993714065228982,0.0015102849231035005,0.9968937712664914,0.017710238872968992
430,0.9993720894214492,0.0015102340992742519,0.996804793954453,0.01829229363874248
431,0.9993705672401278,0.001512420938387173,0.996887478828961,0.01776078091181551
432,0.9993712434495804,0.0015120115679906703,0.9969403732993559,0.0171552397211401
433,0.9993763399320571,0.0015022670243844138,0.9969043991024736,0.017503805324166476
434,0.9993751099608147,0.0015011680664163247,0.9968187242407917,0.0181863236252863
435,0.9993782120036591,0.001496917592513783,0.9968860518212999,0.017738338588794807
436,0.9993760578750741,0.0014983278553952813,0.9968459597411121,0.018153636025227946
437,0.9993775630018489,0.0014965929692831745,0.9968158022329076,0.018366492901783767
438,0.9993781304736361,0.001500013267639647,0.9968251662274507,0.018220809799192033
439,0.9993793569410652,0.0014944429192264848,0.9968673919707676,0.017906513542374023
440,0.9993829312820367,0.001484655235616971,0.9968917462348513,0.017675793586218777
441,0.9993844160229877,0.0014803806003378058,0.9969080957052995,0.017461258241796025
442,0.9993811950628382,0.0014862655304277747,0.996899397700753,0.01747212700528783
443,0.9993866177052226,0.0014791151136346534,0.9969904543933559,0.01680960505547558
444,0.9993857140398801,0.0014782407932222782,0.996973860346111,0.016782437775000363
445,0.9993883369096906,0.0014729090878201608,0.9970160046655812,0.016301281726872455
446,0.9993910449195137,0.0014692878196535637,0.9969682474360384,0.016847313157662473
447,0.99938889421511,0.001469817179900332,0.9968165089547355,0.01837074750971337
448,0.9993899167977577,0.0014657888224139392,0.996952659115975,0.017167308106599572
449,0.9993940823010734,0.001460604222507559,0.9969200282472727,0.01736299994154235
450,0.9993958015586294,0.0014578184857954148,0.9968768102346033,0.01801606071306228
451,0.9993945342001047,0.0014552433168454595,0.9969831427044551,0.016790280460857603
452,0.9993931921731919,0.0014592468711804492,0.9969608270360165,0.01704977385513526
453,0.9993967801179846,0.0014524105853338705,0.9969419905481612,0.017267000400263213
454,0.9993976260500372,0.001452478086960547,0.9970765913867972,0.016108146449747993
455,0.9993963417431422,0.0014511971372646074,0.9968240924678914,0.01852909220876954
456,0.9993977416227932,0.0014526599705162449,0.9969303705490026,0.017569012724259626
457,0.9993991142284416,0.0014465936155588703,0.9968819475418156,0.018063111021592998
458,0.9993948570154633,0.0014551519145907064,0.997010160676357,0.016587660357084824
459,0.999402593369209,0.0014377654343677559,0.9969922348216551,0.016837962478170335
460,0.9994040918467013,0.001436500741808402,0.9968952933681805,0.017998522426145025
461,0.9994044349549794,0.001437797175260583,0.9969057037819204,0.0177359462809419
462,0.9994037758133455,0.001436651795782129,0.9969721344127286,0.01714855267615888
463,0.9994069899251322,0.0014300540010182491,0.9969375056403964,0.017656373342740107
464,0.9994068642656406,0.0014270708882325584,0.9970245123891676,0.016647456150997178
465,0.9994075981154789,0.0014267797128269808,0.9969208301162168,0.01771728654778404
466,0.9994097284606028,0.0014241284974279395,0.9968097816859924,0.01890163122259696
467,0.9993682806833208,0.0015223599671772108,0.9969392180894059,0.017252675452348622
468,0.9994007383919696,0.0014456723647370878,0.9969943821549655,0.016915964836139
469,0.9994087839572526,0.0014268751247872875,0.9970088832709126,0.01676338602005075
470,0.9994167377863289,0.0014090054443276518,0.9970018705077331,0.016985986627923687
471,0.9994152156580957,0.0014111659137500594,0.9970282089787214,0.016853467889268642
472,0.9994167650072433,0.001406926503009925,0.9970286439293823,0.01675109553323576
473,0.9994138498742658,0.0014116145091888665,0.9970357517998618,0.01667695234562232
474,0.9994184195902427,0.001403588107640873,0.9969835368303805,0.01737655828644915
475,0.9994170911140628,0.0014039052900893685,0.9969691307951893,0.01741924002051994
476,0.9994178862142764,0.0014048513705806735,0.9970363497840246,0.016673684640690283
477,0.9994224118140567,0.0013948993372063785,0.9969163180538977,0.018135464691543098
478,0.9994213212123031,0.0013970002739173257,0.9969685464281198,0.01733427372039612
479,0.9994217051851327,0.0013964548048332492,0.9970667925875852,0.016398095741264142
480,0.9994234209256033,0.0013927739717083292,0.9969938928288358,0.017222334345127866
481,0.9994231185757007,0.0013906274749241078,0.9970394619401487,0.016925893279559373
482,0.9994219022746396,0.0013942204098151036,0.996925899298147,0.017933907488742986
483,0.999426597689924,0.0013854960171216313,0.9969750834557187,0.017555382288121427
484,0.9994269715494739,0.001385128602226464,0.9970544794969637,0.016858586336732196
485,0.9994272297433637,0.001383901981676698,0.9968622276019052,0.01862694086468391
486,0.9994258570182671,0.0013819687746372301,0.9970785755804296,0.01652263939590924
487,0.9994289080965522,0.0013805195491468985,0.9969503078846113,0.017837002521815856
488,0.9994303419127599,0.0013736802682303767,0.9970126613241292,0.017056449676756635
489,0.9994315719105464,0.0013725661298961435,0.9969364999928472,0.018115469004666054
490,0.999430117708515,0.0013749616843393392,0.996992669692684,0.017343169962064482
491,0.9994098202498977,0.0014348503107999696,0.9970756808332759,0.016273240574563606
492,0.9994285343829945,0.0013788030269491253,0.9968836054959082,0.01837892320031556
493,0.9994349355183739,0.0013663411459851735,0.9969197428191964,0.018050475685687812
494,0.9994351461851578,0.001364238904572383,0.997000361890417,0.01722952280881224
495,0.9994351292500595,0.0013638974689577621,0.9970355479018085,0.01694183006461281
496,0.9994372595951834,0.001358762252866389,0.9969993834770541,0.017216059514903074
497,0.9994378541684369,0.0013597974293137168,0.9970385649240885,0.01688818151470953
498,0.9994407828521473,0.0013524174812183272,0.9970538135467831,0.016882484707010002
499,0.9994379560179234,0.0013583934551925695,0.9970068310050862,0.017402968608424402
